
Classifier: Neural network
Train set              1           2           3           4           5           6           7           8           9          10          11          12          13          14          15          16          17          18          19          20
selen            58.0000     55.1250     55.5000     54.5000     54.8750     56.5000     57.7500     61.8750     62.1250     63.3750     64.2500
szymon           67.3750     68.7500     70.7500     71.1250     69.1250     68.7500     70.6250     69.5000     68.8750     72.5000     71.5000
borisp           68.0000     70.5000     71.2500     70.7500     70.0000     69.7500     71.2500     71.5000     72.1250     71.5000     70.2500

Classifier: Nearest neighbor
Train set              1           2           3           4           5           6           7           8           9          10          11          12          13          14          15          16          17          18          19          20
selen            46.7500     48.3750     48.1250     49.5000     47.7500     47.6250     48.7500     48.5000     46.3750     47.3750     48.8750
szymon           83.3750     83.0000     82.6250     82.3750     82.3750     82.2500     82.2500     81.3750     82.0000     82.6250     82.2500
borisp           83.6250     83.6250     83.8750     83.7500     83.5000     83.3750     84.7500     84.5000     84.3750     83.1250     83.1250

Classifier: Weighted nn
Train set              1           2           3           4           5           6           7           8           9          10          11          12          13          14          15          16          17          18          19          20
selen            53.1250     53.2500     55.1250     53.1250     52.8750     54.7500     53.8750     54.3750     52.3750     51.3750     53.1250
szymon           83.0000     82.8750     83.5000     82.2500     81.2500     82.6250     83.1250     82.6250     82.8750     83.6250     84.0000
borisp           85.0000     84.6250     85.2500     84.6250     84.5000     85.1250     84.7500     84.6250     84.8750     84.1250     84.2500

Classifier: Correlated nn
Train set              1           2           3           4           5           6           7           8           9          10          11          12          13          14          15          16          17          18          19          20
selen            47.6250     51.1250     50.2500     49.8750     50.8750     51.8750     49.7500     50.5000     50.7500     51.0000     51.3750
szymon           76.7500     76.7500     77.8750     77.1250     76.5000     76.6250     76.6250     77.2500     77.7500     77.5000     77.0000
borisp           32.7500     33.0000     30.7500     33.5000     34.8750     32.7500     34.7500     34.6250     36.0000     34.7500     33.8750
